Using pre-set license
Built from '2020.3/staging' branch; Version is '2020.3.11f1 (99c7afb366b3) revision 10078127'; Using compiler version '192528614'; Build Type 'Release'
OS: 'Windows 10 Enterprise LTSC 2019; OS build 17763.1935; Version 1809; 64bit' Language: 'ru' Physical Memory: 15791 MB
BatchMode: 1, IsHumanControllingUs: 0, StartBugReporterOnCrash: 0, Is64bit: 1, IsPro: 0

 COMMAND LINE ARGUMENTS:
F:\Unity\2020.3.11f1\Editor\Unity.exe
-adb2
-batchMode
-noUpm
-name
AssetImportWorker0
-projectPath
F:/Unity/Dungeon Delver Project Start
-logFile
Logs/AssetImportWorker0.log
-srvPort
2688
Successfully changed project path to: F:/Unity/Dungeon Delver Project Start
F:/Unity/Dungeon Delver Project Start
Using Asset Import Pipeline V2.
Refreshing native plugins compatible for Editor in 52.95 ms, found 2 plugins.
Preloading 0 native plugins for Editor in 0.00 ms.
Initialize engine version: 2020.3.11f1 (99c7afb366b3)
[Subsystems] Discovering subsystems at path F:/Unity/2020.3.11f1/Editor/Data/Resources/UnitySubsystems
[Subsystems] Discovering subsystems at path F:/Unity/Dungeon Delver Project Start/Assets
GfxDevice: creating device client; threaded=0
Direct3D:
    Version:  Direct3D 11.0 [level 11.1]
    Renderer: NVIDIA GeForce GTX 1650 Ti (ID=0x1f95)
    Vendor:   
    VRAM:     3962 MB
    Driver:   30.0.14.7212
Initialize mono
Mono path[0] = 'F:/Unity/2020.3.11f1/Editor/Data/Managed'
Mono path[1] = 'F:/Unity/2020.3.11f1/Editor/Data/MonoBleedingEdge/lib/mono/unityjit'
Mono config path = 'F:/Unity/2020.3.11f1/Editor/Data/MonoBleedingEdge/etc'
Using monoOptions --debugger-agent=transport=dt_socket,embedding=1,server=y,suspend=n,address=127.0.0.1:56520
Begin MonoManager ReloadAssembly
Registering precompiled unity dll's ...
Register platform support module: F:/Unity/2020.3.11f1/Editor/Data/PlaybackEngines/WindowsStandaloneSupport/UnityEditor.WindowsStandalone.Extensions.dll
Registered in 0.001844 seconds.
Native extension for WindowsStandalone target not found
Refreshing native plugins compatible for Editor in 41.21 ms, found 2 plugins.
Preloading 0 native plugins for Editor in 0.00 ms.
Mono: successfully reloaded assembly
- Completed reload, in  1.312 seconds
Platform modules already initialized, skipping
Registering precompiled user dll's ...
Registered in 0.004236 seconds.
Begin MonoManager ReloadAssembly
Native extension for WindowsStandalone target not found
Refreshing native plugins compatible for Editor in 0.63 ms, found 2 plugins.
Preloading 0 native plugins for Editor in 0.00 ms.
Mono: successfully reloaded assembly
- Completed reload, in  0.916 seconds
Platform modules already initialized, skipping
========================================================================
Worker process is ready to serve import requests
Launched and connected shader compiler UnityShaderCompiler.exe after 0.05 seconds
Refreshing native plugins compatible for Editor in 0.75 ms, found 2 plugins.
Preloading 0 native plugins for Editor in 0.00 ms.
Unloading 1957 Unused Serialized files (Serialized files now loaded: 0)
System memory in use before: 80.7 MB.
System memory in use after: 80.9 MB.

Unloading 57 unused Assets to reduce memory usage. Loaded Objects now: 2364.
Total: 5.982300 ms (FindLiveObjects: 0.225100 ms CreateObjectMapping: 0.047600 ms MarkObjects: 5.670200 ms  DeleteObjects: 0.038000 ms)

========================================================================
Received Import Request.
  path: Assets/__Dungeon_Editor/EditorMiniMapRoom.cs
  artifactKey: Guid(a4b5344f00933464198640708381ec81) Importer(815301076,1909f56bfc062723c751e8b465ee728b)
Start importing Assets/__Dungeon_Editor/EditorMiniMapRoom.cs using Guid(a4b5344f00933464198640708381ec81) Importer(815301076,1909f56bfc062723c751e8b465ee728b)  -> (artifact id: '3f9d8fd416a0704ab8bf5be8bffec999') in 0.030409 seconds
  Import took 0.033816 seconds .

========================================================================
Received Import Request.
  Time since last request: 0.000388 seconds.
  path: Assets/__Scripts/PickUp.cs
  artifactKey: Guid(c794d9b9636658d4a91f5b72b722458d) Importer(815301076,1909f56bfc062723c751e8b465ee728b)
Start importing Assets/__Scripts/PickUp.cs using Guid(c794d9b9636658d4a91f5b72b722458d) Importer(815301076,1909f56bfc062723c751e8b465ee728b)  -> (artifact id: 'b2242d4ead7e0535feddfbcec2667e6c') in 0.003054 seconds
  Import took 0.005773 seconds .

========================================================================
Received Import Request.
  Time since last request: 14.130040 seconds.
  path: Assets/__Scripts/Enemy.cs
  artifactKey: Guid(ee7b7b2762e8a664b8f9e927be3a95f7) Importer(815301076,1909f56bfc062723c751e8b465ee728b)
Start importing Assets/__Scripts/Enemy.cs using Guid(ee7b7b2762e8a664b8f9e927be3a95f7) Importer(815301076,1909f56bfc062723c751e8b465ee728b)  -> (artifact id: '4cf432ebe2b4fa57addaeb29eca731be') in 0.003180 seconds
  Import took 0.006984 seconds .

========================================================================
Received Import Request.
  Time since last request: 0.938658 seconds.
  path: Assets/__Scripts/DamageEffect.cs
  artifactKey: Guid(4dcd4d3fe8f990640a23885a998ba39d) Importer(815301076,1909f56bfc062723c751e8b465ee728b)
Start importing Assets/__Scripts/DamageEffect.cs using Guid(4dcd4d3fe8f990640a23885a998ba39d) Importer(815301076,1909f56bfc062723c751e8b465ee728b)  -> (artifact id: '80103c2d715d749ebc4b8cb530044c09') in 0.003620 seconds
  Import took 0.006718 seconds .

AssetImportWorkerClient::OnTransportError - code=2 error=End of file
